c:\users\administrator\source\repos\jumpandjump\jumpandjump\debug\vc141.pdb
c:\users\administrator\source\repos\jumpandjump\jumpandjump\debug\vc141.idb
c:\users\administrator\source\repos\jumpandjump\jumpandjump\debug\fps_counter.obj
c:\users\administrator\source\repos\jumpandjump\jumpandjump\debug\main.obj
c:\users\administrator\source\repos\jumpandjump\jumpandjump\debug\color.obj
c:\users\administrator\source\repos\jumpandjump\jumpandjump\debug\matrix4x4.obj
c:\users\administrator\source\repos\jumpandjump\jumpandjump\debug\plane.obj
c:\users\administrator\source\repos\jumpandjump\jumpandjump\debug\vector2d.obj
c:\users\administrator\source\repos\jumpandjump\jumpandjump\debug\vector3d.obj
c:\users\administrator\source\repos\jumpandjump\jumpandjump\debug\vector4d.obj
c:\users\administrator\source\repos\jumpandjump\jumpandjump\debug\obj.obj
c:\users\administrator\source\repos\jumpandjump\jumpandjump\debug\scene.obj
c:\users\administrator\source\repos\jumpandjump\jumpandjump\debug\texture.obj
c:\users\administrator\source\repos\jumpandjump\jumpandjump\debug\timer.obj
c:\users\administrator\source\repos\jumpandjump\jumpandjump\debug\glee.obj
c:\users\administrator\source\repos\jumpandjump\debug\jumpandjump.exe
c:\users\administrator\source\repos\jumpandjump\debug\jumpandjump.ilk
c:\users\administrator\source\repos\jumpandjump\debug\jumpandjump.pdb
c:\users\administrator\source\repos\jumpandjump\jumpandjump\debug\jumpandjump.tlog\cl.command.1.tlog
c:\users\administrator\source\repos\jumpandjump\jumpandjump\debug\jumpandjump.tlog\cl.read.1.tlog
c:\users\administrator\source\repos\jumpandjump\jumpandjump\debug\jumpandjump.tlog\cl.write.1.tlog
c:\users\administrator\source\repos\jumpandjump\jumpandjump\debug\jumpandjump.tlog\link.command.1.tlog
c:\users\administrator\source\repos\jumpandjump\jumpandjump\debug\jumpandjump.tlog\link.read.1.tlog
c:\users\administrator\source\repos\jumpandjump\jumpandjump\debug\jumpandjump.tlog\link.write.1.tlog
